*** Using Compiler 'V5.06 update 6 (build 750)', folder: 'E:\software\keil\keil_v5\ARM\ARMCC\Bin'
Rebuild target 'demo'
assembling startup_stm32h750xx.s...
compiling system_stm32h7xx.c...
compiling dma.c...
compiling main.c...
compiling stm32h7xx_hal_msp.c...
compiling usart.c...
compiling stm32h7xx_hal_i2c_ex.c...
compiling stm32h7xx_hal_cortex.c...
compiling stm32h7xx_it.c...
compiling gpio.c...
compiling i2c.c...
compiling stm32h7xx_hal_i2c.c...
compiling stm32h7xx_hal_gpio.c...
compiling stm32h7xx_hal_mdma.c...
compiling stm32h7xx_hal_hsem.c...
compiling stm32h7xx_hal_flash_ex.c...
compiling stm32h7xx_hal_pwr.c...
compiling stm32h7xx_hal_flash.c...
compiling stm32h7xx_hal_dma_ex.c...
compiling stm32h7xx_hal_rcc.c...
compiling stm32h7xx_hal_pwr_ex.c...
compiling stm32h7xx_hal_rcc_ex.c...
compiling stm32h7xx_hal_dma.c...
compiling stm32h7xx_hal_tim.c...
compiling 24C02Dev.c...
..\24C02Dev\24C02Dev.c(105): error:  #101: "I2C_Buffer_Write" has already been declared in the current scope
      ALIGN_32BYTES (uint8_t I2C_Buffer_Write[256]) __attribute__((section(".ARM.__at_0x30000000")));
..\24C02Dev\24C02Dev.c(105): error:  #3130: attribute "section" does not apply to automatic variables
      ALIGN_32BYTES (uint8_t I2C_Buffer_Write[256]) __attribute__((section(".ARM.__at_0x30000000")));
..\24C02Dev\24C02Dev.c(105): warning:  #1041-D: alignment for an auto object may not be larger than 8
      ALIGN_32BYTES (uint8_t I2C_Buffer_Write[256]) __attribute__((section(".ARM.__at_0x30000000")));
..\24C02Dev\24C02Dev.c(107): error:  #101: "I2C_Buffer_Read" has already been declared in the current scope
      ALIGN_32BYTES (uint8_t I2C_Buffer_Read[256]) __attribute__((section(".ARM.__at_0x30000100")));
..\24C02Dev\24C02Dev.c(107): error:  #3130: attribute "section" does not apply to automatic variables
      ALIGN_32BYTES (uint8_t I2C_Buffer_Read[256]) __attribute__((section(".ARM.__at_0x30000100")));
..\24C02Dev\24C02Dev.c(107): warning:  #1041-D: alignment for an auto object may not be larger than 8
      ALIGN_32BYTES (uint8_t I2C_Buffer_Read[256]) __attribute__((section(".ARM.__at_0x30000100")));
..\24C02Dev\24C02Dev.c(104): warning:  #177-D: variable "I2C_Buffer_Write"  was declared but never referenced
      uint8_t I2C_Buffer_Write[256];
..\24C02Dev\24C02Dev.c(106): warning:  #177-D: variable "I2C_Buffer_Read"  was declared but never referenced
      uint8_t I2C_Buffer_Read[256];
..\24C02Dev\24C02Dev.c: 4 warnings, 4 errors
compiling stm32h7xx_hal_exti.c...
compiling stm32h7xx_hal_tim_ex.c...
compiling stm32h7xx_hal_uart_ex.c...
compiling stm32h7xx_hal.c...
compiling stm32h7xx_hal_uart.c...
"demo\demo.axf" - 4 Error(s), 4 Warning(s).
Target not created.
Build Time Elapsed:  00:01:16
